<?xml version="1.0" encoding="UTF-8"?>
<!-- Generated by org.testng.reporters.JUnitXMLReporter -->
<testsuite ignored="0" hostname="LAPTOP-AI0OB3V3" failures="2" tests="2" name="Test" time="0.042" errors="0" timestamp="2021-12-04T13:47:24 AST">
  <testcase classname="AppiumFramework2_2.ecommerceProject_TC5_Cloud" name="totalValidation" time="0.006">
    <failure type="java.io.FileNotFoundException" message="C:\Users\anass\eclipse-workspace\AppiumFramework2\src\main\java\FirstFramework\AppiumFramework1\global.properties (The system cannot find the path specified)">
      <![CDATA[java.io.FileNotFoundException: C:\Users\anass\eclipse-workspace\AppiumFramework2\src\main\java\FirstFramework\AppiumFramework1\global.properties (The system cannot find the path specified)
at java.base/java.io.FileInputStream.open0(Native Method)
at java.base/java.io.FileInputStream.open(FileInputStream.java:216)
at java.base/java.io.FileInputStream.<init>(FileInputStream.java:157)
at java.base/java.io.FileInputStream.<init>(FileInputStream.java:111)
at AppiumFramework2_1.base.Cloudcapabilites(base.java:30)
at AppiumFramework2_2.ecommerceProject_TC5_Cloud.totalValidation(ecommerceProject_TC5_Cloud.java:25)
at java.base/java.util.ArrayList.forEach(ArrayList.java:1511)
... Removed 27 stack frames]]>
    </failure>
  </testcase> <!-- totalValidation -->
  <testcase classname="AppiumFramework2_2.apiDemoTest" name="ApiDemo" time="0.001">
    <failure type="java.io.FileNotFoundException" message="C:\Users\anass\eclipse-workspace\AppiumFramework2\src\main\java\FirstFramework\AppiumFramework1\global.properties (The system cannot find the path specified)">
      <![CDATA[java.io.FileNotFoundException: C:\Users\anass\eclipse-workspace\AppiumFramework2\src\main\java\FirstFramework\AppiumFramework1\global.properties (The system cannot find the path specified)
at java.base/java.io.FileInputStream.open0(Native Method)
at java.base/java.io.FileInputStream.open(FileInputStream.java:216)
at java.base/java.io.FileInputStream.<init>(FileInputStream.java:157)
at java.base/java.io.FileInputStream.<init>(FileInputStream.java:111)
at AppiumFramework2_1.base.Cloudcapabilites(base.java:30)
at AppiumFramework2_2.apiDemoTest.ApiDemo(apiDemoTest.java:18)
at java.base/java.util.ArrayList.forEach(ArrayList.java:1511)
... Removed 27 stack frames]]>
    </failure>
  </testcase> <!-- ApiDemo -->
</testsuite> <!-- Test -->
