<?xml version="1.0" encoding="UTF-8"?>
<testng-results ignored="0" total="2" passed="2" failed="0" skipped="0">
  <reporter-output>
  </reporter-output>
  <suite started-at="2021-12-05T14:36:21 AST" name="Parallel Test Suite" finished-at="2021-12-05T14:37:05 AST" duration-ms="43809">
    <groups>
    </groups>
    <test started-at="2021-12-05T14:36:21 AST" name="apiDemoTest" finished-at="2021-12-05T14:36:47 AST" duration-ms="25397">
      <class name="FirstFramework.AppiumFramework1.apiDemoTest">
        <test-method signature="ApiDemo(java.lang.String)[pri:0, instance:FirstFramework.AppiumFramework1.apiDemoTest@4f80542f]" started-at="2021-12-05T14:36:21 AST" name="ApiDemo" data-provider="InputData" finished-at="2021-12-05T14:36:47 AST" duration-ms="25363" status="PASS">
          <params>
            <param index="0">
              <value>
                <![CDATA[hello]]>
              </value>
            </param>
          </params>
          <reporter-output>
          </reporter-output>
        </test-method> <!-- ApiDemo -->
      </class> <!-- FirstFramework.AppiumFramework1.apiDemoTest -->
    </test> <!-- apiDemoTest -->
    <test started-at="2021-12-05T14:36:21 AST" name="ecommerceProject_TC5_Cloud" finished-at="2021-12-05T14:37:05 AST" duration-ms="43809">
      <class name="FirstFramework.AppiumFramework1.ecommerceProject_TC5_Cloud">
        <test-method signature="totalValidation()[pri:0, instance:FirstFramework.AppiumFramework1.ecommerceProject_TC5_Cloud@1af2d44a]" started-at="2021-12-05T14:36:21 AST" name="totalValidation" finished-at="2021-12-05T14:37:05 AST" duration-ms="43783" status="PASS">
          <reporter-output>
          </reporter-output>
        </test-method> <!-- totalValidation -->
      </class> <!-- FirstFramework.AppiumFramework1.ecommerceProject_TC5_Cloud -->
    </test> <!-- ecommerceProject_TC5_Cloud -->
  </suite> <!-- Parallel Test Suite -->
</testng-results>
